<?xml version="1.0" encoding="UTF-8"?>
<!-- Generated by org.testng.reporters.JUnitReportReporter -->
<testsuite hostname="MAURYANS" failures="0" tests="1" name="testScripts.TestScript" time="9.843" errors="0" timestamp="2021-10-25T12:09:24 IST" skipped="0">
  <testcase classname="testScripts.TestScript" name="setup" time="9.843"/>
  <system-out/>
</testsuite> <!-- testScripts.TestScript -->
